{"level":"error","message":"Failed to start server: Failed to connect to database","service":"notification-service","stack":"Error: Failed to connect to database\n    at startServer (C:\\Users\\91809\\OneDrive\\Desktop\\STPI\\CO2 pluss\\backend\\notification-service\\src\\server.js:56:13)\n    at process.processTicksAndRejections (node:internal/process/task_queues:105:5)","timestamp":"2025-12-23 16:11:42"}
{"level":"info","message":"\n        ================================\n        🚀 Notification Service Started\n        ================================\n        Service: notification-service\n        Port: 5001\n        Environment: development\n        Database: localhost:5432/gocarbonpositive\n        ================================\n      ","service":"notification-service","timestamp":"2025-12-23 16:12:35"}
{"level":"info","message":"Processing event: user.signup","service":"notification-service","timestamp":"2025-12-23 16:46:01","user":"test@example.com"}
{"level":"info","message":"Signup notification created for user: test@example.com","service":"notification-service","timestamp":"2025-12-23 16:46:02"}
{"level":"info","message":"Processing event: user.email.verified","service":"notification-service","timestamp":"2025-12-23 16:47:32","user":"test@example.com"}
{"level":"info","message":"Email verified for user: test@example.com","service":"notification-service","timestamp":"2025-12-23 16:47:32"}
{"level":"info","message":"\n        ================================\n        🚀 Notification Service Started\n        ================================\n        Service: notification-service\n        Port: 5001\n        Environment: development\n        Database: localhost:5432/gocarbonpositive\n        ================================\n      ","service":"notification-service","timestamp":"2025-12-24 10:48:46"}
{"level":"info","message":"Processing event: user.login","service":"notification-service","timestamp":"2025-12-24 10:50:46","user":"admin1@gocarbonpositive.com"}
{"level":"info","message":"Login notification created for user: admin1@gocarbonpositive.com","service":"notification-service","timestamp":"2025-12-24 10:50:46"}
{"level":"info","message":"\n        ================================\n        🚀 Notification Service Started\n        ================================\n        Service: notification-service\n        Port: 5001\n        Environment: development\n        Database: localhost:5432/gocarbonpositive\n        ================================\n      ","service":"notification-service","timestamp":"2025-12-24 11:07:06"}
{"level":"info","message":"\n        ================================\n        🚀 Notification Service Started\n        ================================\n        Service: notification-service\n        Port: 5001\n        Environment: development\n        Database: localhost:5432/gocarbonpositive\n        ================================\n      ","service":"notification-service","timestamp":"2025-12-24 11:10:03"}
{"level":"info","message":"\n        ================================\n        🚀 Notification Service Started\n        ================================\n        Service: notification-service\n        Port: 5001\n        Environment: development\n        Database: localhost:5432/gocarbonpositive\n        ================================\n      ","service":"notification-service","timestamp":"2025-12-24 11:10:06"}
{"level":"info","message":"\n        ================================\n        🚀 Notification Service Started\n        ================================\n        Service: notification-service\n        Port: 5001\n        Environment: development\n        Database: localhost:5432/gocarbonpositive\n        ================================\n      ","service":"notification-service","timestamp":"2025-12-24 11:10:10"}
{"level":"info","message":"\n        ================================\n        🚀 Notification Service Started\n        ================================\n        Service: notification-service\n        Port: 5001\n        Environment: development\n        Database: localhost:5432/gocarbonpositive\n        ================================\n      ","service":"notification-service","timestamp":"2025-12-24 11:24:14"}
{"level":"info","message":"Processing event: user.signup","service":"notification-service","timestamp":"2025-12-24 11:27:25","user":"nilu2003@gmail.com"}
{"level":"info","message":"Signup notification created for user: nilu2003@gmail.com","service":"notification-service","timestamp":"2025-12-24 11:27:25"}
{"level":"info","message":"Processing event: user.email.verified","service":"notification-service","timestamp":"2025-12-24 11:27:48","user":"nilu2003@gmail.com"}
{"level":"info","message":"Email verified for user: nilu2003@gmail.com","service":"notification-service","timestamp":"2025-12-24 11:27:48"}
{"level":"info","message":"\n        ================================\n        🚀 Notification Service Started\n        ================================\n        Service: notification-service\n        Port: 5001\n        Environment: development\n        Database: localhost:5432/gocarbonpositive\n        CORS: Enabled for http://localhost:5174\n        ================================\n      ","service":"notification-service","timestamp":"2025-12-24 11:36:33"}
{"level":"info","message":"\n        ================================\n        🚀 Notification Service Started\n        ================================\n        Service: notification-service\n        Port: 5001\n        Environment: development\n        Database: localhost:5432/gocarbonpositive\n        CORS: Enabled for http://localhost:5174\n        ================================\n      ","service":"notification-service","timestamp":"2025-12-24 11:37:06"}
{"level":"info","message":"Processing event: user.signup","service":"notification-service","timestamp":"2025-12-24 12:33:02","user":"johndoe@example.com"}
{"level":"info","message":"Signup notification created for user: johndoe@example.com","service":"notification-service","timestamp":"2025-12-24 12:33:02"}
{"level":"info","message":"Processing event: user.email.verified","service":"notification-service","timestamp":"2025-12-24 12:34:00","user":"johndoe@example.com"}
{"level":"info","message":"Email verified for user: johndoe@example.com","service":"notification-service","timestamp":"2025-12-24 12:34:00"}
{"level":"info","message":"Processing event: user.login","service":"notification-service","timestamp":"2025-12-24 12:37:03","user":"johndoe@example.com"}
{"level":"info","message":"Login notification created for user: johndoe@example.com","service":"notification-service","timestamp":"2025-12-24 12:37:03"}
{"level":"info","message":"Processing event: user.signup","service":"notification-service","timestamp":"2025-12-24 12:39:55","user":"test@ex.com"}
{"level":"info","message":"Signup notification created for user: test@ex.com","service":"notification-service","timestamp":"2025-12-24 12:39:55"}
{"level":"info","message":"Processing event: user.email.verified","service":"notification-service","timestamp":"2025-12-24 12:41:13","user":"test@ex.com"}
{"level":"info","message":"Email verified for user: test@ex.com","service":"notification-service","timestamp":"2025-12-24 12:41:13"}
{"level":"info","message":"Processing event: user.signup","service":"notification-service","timestamp":"2025-12-24 12:45:42","user":"cat@gmail.com"}
{"level":"info","message":"Signup notification created for user: cat@gmail.com","service":"notification-service","timestamp":"2025-12-24 12:45:42"}
{"level":"info","message":"Processing event: user.email.verified","service":"notification-service","timestamp":"2025-12-24 12:46:17","user":"cat@gmail.com"}
{"level":"info","message":"Email verified for user: cat@gmail.com","service":"notification-service","timestamp":"2025-12-24 12:46:17"}
{"level":"info","message":"Processing event: user.login","service":"notification-service","timestamp":"2025-12-24 12:48:20","user":"cat@gmail.com"}
{"level":"info","message":"Login notification created for user: cat@gmail.com","service":"notification-service","timestamp":"2025-12-24 12:48:20"}
{"level":"info","message":"Processing event: user.signup","service":"notification-service","timestamp":"2025-12-24 14:02:04","user":"tiger@gmail.com"}
{"level":"info","message":"Signup notification created for user: tiger@gmail.com","service":"notification-service","timestamp":"2025-12-24 14:02:04"}
{"level":"info","message":"Processing event: user.signup","service":"notification-service","timestamp":"2025-12-24 14:06:42","user":"arman@gmail.com"}
{"cause":{},"level":"error","message":"Error handling signup notification: Connection terminated due to connection timeout","service":"notification-service","stack":"Error: Connection terminated due to connection timeout\n    at C:\\Users\\91809\\OneDrive\\Desktop\\STPI\\CO2 pluss\\backend\\notification-service\\node_modules\\pg-pool\\index.js:45:11\n    at process.processTicksAndRejections (node:internal/process/task_queues:105:5)\n    at async query (C:\\Users\\91809\\OneDrive\\Desktop\\STPI\\CO2 pluss\\backend\\notification-service\\src\\config\\database.js:40:17)\n    at async Notification.create (C:\\Users\\91809\\OneDrive\\Desktop\\STPI\\CO2 pluss\\backend\\notification-service\\src\\models\\Notification.js:25:20)\n    at async NotificationService.handleSignup (C:\\Users\\91809\\OneDrive\\Desktop\\STPI\\CO2 pluss\\backend\\notification-service\\src\\services\\notificationService.js:12:28)\n    at async EventService.processEvent (C:\\Users\\91809\\OneDrive\\Desktop\\STPI\\CO2 pluss\\backend\\notification-service\\src\\services\\eventService.js:14:11)\n    at async C:\\Users\\91809\\OneDrive\\Desktop\\STPI\\CO2 pluss\\backend\\notification-service\\src\\routes\\notificationRoutes.js:16:5","timestamp":"2025-12-24 14:07:16"}
{"cause":{},"level":"error","message":"Error processing event: Connection terminated due to connection timeout","service":"notification-service","stack":"Error: Connection terminated due to connection timeout\n    at C:\\Users\\91809\\OneDrive\\Desktop\\STPI\\CO2 pluss\\backend\\notification-service\\node_modules\\pg-pool\\index.js:45:11\n    at process.processTicksAndRejections (node:internal/process/task_queues:105:5)\n    at async query (C:\\Users\\91809\\OneDrive\\Desktop\\STPI\\CO2 pluss\\backend\\notification-service\\src\\config\\database.js:40:17)\n    at async Notification.create (C:\\Users\\91809\\OneDrive\\Desktop\\STPI\\CO2 pluss\\backend\\notification-service\\src\\models\\Notification.js:25:20)\n    at async NotificationService.handleSignup (C:\\Users\\91809\\OneDrive\\Desktop\\STPI\\CO2 pluss\\backend\\notification-service\\src\\services\\notificationService.js:12:28)\n    at async EventService.processEvent (C:\\Users\\91809\\OneDrive\\Desktop\\STPI\\CO2 pluss\\backend\\notification-service\\src\\services\\eventService.js:14:11)\n    at async C:\\Users\\91809\\OneDrive\\Desktop\\STPI\\CO2 pluss\\backend\\notification-service\\src\\routes\\notificationRoutes.js:16:5","timestamp":"2025-12-24 14:07:18"}
{"cause":{},"level":"error","message":"Error processing event: Connection terminated due to connection timeout","service":"notification-service","stack":"Error: Connection terminated due to connection timeout\n    at C:\\Users\\91809\\OneDrive\\Desktop\\STPI\\CO2 pluss\\backend\\notification-service\\node_modules\\pg-pool\\index.js:45:11\n    at process.processTicksAndRejections (node:internal/process/task_queues:105:5)\n    at async query (C:\\Users\\91809\\OneDrive\\Desktop\\STPI\\CO2 pluss\\backend\\notification-service\\src\\config\\database.js:40:17)\n    at async Notification.create (C:\\Users\\91809\\OneDrive\\Desktop\\STPI\\CO2 pluss\\backend\\notification-service\\src\\models\\Notification.js:25:20)\n    at async NotificationService.handleSignup (C:\\Users\\91809\\OneDrive\\Desktop\\STPI\\CO2 pluss\\backend\\notification-service\\src\\services\\notificationService.js:12:28)\n    at async EventService.processEvent (C:\\Users\\91809\\OneDrive\\Desktop\\STPI\\CO2 pluss\\backend\\notification-service\\src\\services\\eventService.js:14:11)\n    at async C:\\Users\\91809\\OneDrive\\Desktop\\STPI\\CO2 pluss\\backend\\notification-service\\src\\routes\\notificationRoutes.js:16:5","timestamp":"2025-12-24 14:07:20"}
{"level":"info","message":"Processing event: user.email.verified","service":"notification-service","timestamp":"2025-12-24 14:09:37","user":"arman@gmail.com"}
{"level":"info","message":"Email verified for user: arman@gmail.com","service":"notification-service","timestamp":"2025-12-24 14:09:37"}
{"level":"info","message":"Processing event: user.login.failed","service":"notification-service","timestamp":"2025-12-24 14:10:17","user":"arman@gmail.com"}
{"level":"warn","message":"Failed login attempt for: arman@gmail.com (Attempt: 1)","service":"notification-service","timestamp":"2025-12-24 14:10:18"}
{"level":"info","message":"Processing event: user.login.failed","service":"notification-service","timestamp":"2025-12-24 14:11:21","user":"arman@gmail.com"}
{"level":"warn","message":"Failed login attempt for: arman@gmail.com (Attempt: 2)","service":"notification-service","timestamp":"2025-12-24 14:11:21"}
{"level":"info","message":"Processing event: user.login.failed","service":"notification-service","timestamp":"2025-12-24 14:12:52","user":"arman@gmail.com"}
{"level":"warn","message":"Failed login attempt for: arman@gmail.com (Attempt: 3)","service":"notification-service","timestamp":"2025-12-24 14:12:52"}
{"level":"info","message":"\n        ================================\n        🚀 Notification Service Started\n        ================================\n        Service: notification-service\n        Port: 5001\n        Environment: development\n        Database: localhost:5432/gocarbonpositive\n        CORS: Enabled for http://localhost:5174\n        ================================\n      ","service":"notification-service","timestamp":"2025-12-29 11:21:26"}
{"level":"info","message":"Processing event: user.signup","service":"notification-service","timestamp":"2025-12-29 11:30:20","user":"bob@gmail.com"}
{"level":"info","message":"Signup notification created for user: bob@gmail.com","service":"notification-service","timestamp":"2025-12-29 11:30:21"}
{"level":"info","message":"Processing event: user.email.verified","service":"notification-service","timestamp":"2025-12-29 11:30:48","user":"bob@gmail.com"}
{"level":"info","message":"Email verified for user: bob@gmail.com","service":"notification-service","timestamp":"2025-12-29 11:30:48"}
{"level":"info","message":"Processing event: user.login","service":"notification-service","timestamp":"2025-12-29 11:31:10","user":"bob@gmail.com"}
{"level":"info","message":"Login notification created for user: bob@gmail.com","service":"notification-service","timestamp":"2025-12-29 11:31:10"}
{"level":"info","message":"Processing event: user.login","service":"notification-service","timestamp":"2025-12-29 11:35:35","user":"bob@gmail.com"}
{"level":"info","message":"Login notification created for user: bob@gmail.com","service":"notification-service","timestamp":"2025-12-29 11:35:35"}
{"level":"info","message":"\n        ================================\n        🚀 Notification Service Started\n        ================================\n        Service: notification-service\n        Port: 5001\n        Environment: development\n        Database: localhost:5432/gocarbonpositive\n        CORS: Enabled for http://localhost:5174\n        ================================\n      ","service":"notification-service","timestamp":"2025-12-29 11:49:53"}
{"level":"info","message":"\n        ================================\n        🚀 Notification Service Started\n        ================================\n        Service: notification-service\n        Port: 5001\n        Environment: development\n        Database: localhost:5432/gocarbonpositive\n        CORS: Enabled for http://localhost:5174\n        ================================\n      ","service":"notification-service","timestamp":"2025-12-29 17:40:20"}
{"level":"info","message":"Processing event: user.signup","service":"notification-service","timestamp":"2025-12-29 17:52:56","user":"ddm@gmail.com"}
{"level":"info","message":"Signup notification created for user: ddm@gmail.com","service":"notification-service","timestamp":"2025-12-29 17:52:56"}
{"level":"info","message":"Processing event: user.email.verified","service":"notification-service","timestamp":"2025-12-29 17:53:32","user":"ddm@gmail.com"}
{"level":"info","message":"Email verified for user: ddm@gmail.com","service":"notification-service","timestamp":"2025-12-29 17:53:32"}
{"level":"info","message":"Processing event: user.login","service":"notification-service","timestamp":"2025-12-29 17:53:59","user":"ddm@gmail.com"}
{"level":"info","message":"Login notification created for user: ddm@gmail.com","service":"notification-service","timestamp":"2025-12-29 17:53:59"}
{"level":"info","message":"\n        ================================\n        🚀 Notification Service Started\n        ================================\n        Service: notification-service\n        Port: 5001\n        Environment: development\n        Database: localhost:5432/gocarbonpositive\n        CORS: Enabled for http://localhost:3001\n        ================================\n      ","service":"notification-service","timestamp":"2025-12-30 10:28:42"}
{"level":"info","message":"Processing event: user.login","service":"notification-service","timestamp":"2025-12-30 10:49:09","user":"admin1@gocarbonpositive.com"}
{"level":"info","message":"Login notification created for user: admin1@gocarbonpositive.com","service":"notification-service","timestamp":"2025-12-30 10:49:10"}
{"level":"info","message":"Processing event: user.login","service":"notification-service","timestamp":"2025-12-30 10:53:00","user":"admin1@gocarbonpositive.com"}
{"level":"info","message":"Login notification created for user: admin1@gocarbonpositive.com","service":"notification-service","timestamp":"2025-12-30 10:53:00"}
{"level":"info","message":"\n        ================================\n        🚀 Notification Service Started\n        ================================\n        Service: notification-service\n        Port: 5001\n        Environment: development\n        Database: localhost:5432/co2\n        CORS: Enabled for http://localhost:3001\n        ================================\n      ","service":"notification-service","timestamp":"2026-01-06 12:56:59"}
{"level":"info","message":"\n        ================================\n        🚀 Notification Service Started\n        ================================\n        Service: notification-service\n        Port: 5001\n        Environment: development\n        Database: localhost:5432/co2\n        CORS: Enabled for http://localhost:3001\n        ================================\n      ","service":"notification-service","timestamp":"2026-01-06 19:14:41"}
{"level":"info","message":"\n        ================================\n        🚀 Notification Service Started\n        ================================\n        Service: notification-service\n        Port: 5001\n        Environment: development\n        Database: localhost:5432/co2\n        CORS: Enabled for http://localhost:3001\n        ================================\n      ","service":"notification-service","timestamp":"2026-01-07 00:00:46"}
{"level":"info","message":"\n        ================================\n        🚀 Notification Service Started\n        ================================\n        Service: notification-service\n        Port: 5001\n        Environment: development\n        Database: localhost:5432/co2\n        CORS: Enabled for http://localhost:3001\n        ================================\n      ","service":"notification-service","timestamp":"2026-01-07 10:28:40"}
{"level":"info","message":"Processing event: user.signup","service":"notification-service","timestamp":"2026-01-07 10:32:56","user":"nehapati123@gmail.com"}
{"level":"info","message":"Signup notification created for user: nehapati123@gmail.com","service":"notification-service","timestamp":"2026-01-07 10:32:56"}
{"level":"info","message":"Processing event: user.signup","service":"notification-service","timestamp":"2026-01-07 10:37:41","user":"nehapati11122004@gmail.com"}
{"level":"info","message":"Signup notification created for user: nehapati11122004@gmail.com","service":"notification-service","timestamp":"2026-01-07 10:37:42"}
{"level":"info","message":"Processing event: user.email.verified","service":"notification-service","timestamp":"2026-01-07 10:38:38","user":"nehapati11122004@gmail.com"}
{"level":"info","message":"Email verified for user: nehapati11122004@gmail.com","service":"notification-service","timestamp":"2026-01-07 10:38:38"}
{"level":"info","message":"Processing event: user.login","service":"notification-service","timestamp":"2026-01-07 10:38:57","user":"nehapati11122004@gmail.com"}
{"level":"info","message":"Login notification created for user: nehapati11122004@gmail.com","service":"notification-service","timestamp":"2026-01-07 10:38:57"}
{"level":"info","message":"Processing event: user.login","service":"notification-service","timestamp":"2026-01-07 11:40:39","user":"nehapati11122004@gmail.com"}
{"level":"info","message":"Login notification created for user: nehapati11122004@gmail.com","service":"notification-service","timestamp":"2026-01-07 11:40:39"}
{"level":"info","message":"\n        ================================\n        🚀 Notification Service Started\n        ================================\n        Service: notification-service\n        Port: 5001\n        Environment: development\n        Database: localhost:5432/co2\n        CORS: Enabled for http://localhost:3001\n        ================================\n      ","service":"notification-service","timestamp":"2026-01-07 15:24:48"}
{"level":"info","message":"\n        ================================\n        🚀 Notification Service Started\n        ================================\n        Service: notification-service\n        Port: 5001\n        Environment: development\n        Database: localhost:5432/co2\n        CORS: Enabled for http://localhost:3001\n        ================================\n      ","service":"notification-service","timestamp":"2026-01-08 11:28:45"}
{"level":"info","message":"Processing event: user.login","service":"notification-service","timestamp":"2026-01-08 11:29:15","user":"nehapati11122004@gmail.com"}
{"level":"info","message":"Login notification created for user: nehapati11122004@gmail.com","service":"notification-service","timestamp":"2026-01-08 11:29:15"}
{"level":"info","message":"\n        ================================\n        🚀 Notification Service Started\n        ================================\n        Service: notification-service\n        Port: 5001\n        Environment: development\n        Database: localhost:5432/co2\n        CORS: Enabled for http://localhost:3001\n        ================================\n      ","service":"notification-service","timestamp":"2026-01-08 20:18:08"}
{"level":"info","message":"Processing event: user.login","service":"notification-service","timestamp":"2026-01-08 20:19:00","user":"nehapati11122004@gmail.com"}
{"level":"info","message":"Login notification created for user: nehapati11122004@gmail.com","service":"notification-service","timestamp":"2026-01-08 20:19:00"}
{"level":"info","message":"Processing event: user.login","service":"notification-service","timestamp":"2026-01-08 20:20:39","user":"nehapati11122004@gmail.com"}
{"level":"info","message":"Login notification created for user: nehapati11122004@gmail.com","service":"notification-service","timestamp":"2026-01-08 20:20:39"}
{"level":"info","message":"Processing event: user.signup","service":"notification-service","timestamp":"2026-01-08 21:14:52","user":"nehapatigcek@gmail.com"}
{"level":"info","message":"Signup notification created for user: nehapatigcek@gmail.com","service":"notification-service","timestamp":"2026-01-08 21:14:52"}
{"level":"info","message":"\n        ================================\n        🚀 Notification Service Started\n        ================================\n        Service: notification-service\n        Port: 5001\n        Environment: development\n        Database: localhost:5432/co2\n        CORS: Enabled for http://localhost:3001\n        ================================\n      ","service":"notification-service","timestamp":"2026-01-09 10:45:27"}
{"level":"info","message":"Processing event: user.login","service":"notification-service","timestamp":"2026-01-09 10:47:51","user":"nehapati11122004@gmail.com"}
{"level":"info","message":"Login notification created for user: nehapati11122004@gmail.com","service":"notification-service","timestamp":"2026-01-09 10:47:51"}
{"level":"info","message":"Processing event: user.signup","service":"notification-service","timestamp":"2026-01-09 10:54:21","user":"nehapati1234567890@gmail.com"}
{"level":"info","message":"Signup notification created for user: nehapati1234567890@gmail.com","service":"notification-service","timestamp":"2026-01-09 10:54:21"}
{"level":"info","message":"Processing event: user.email.verified","service":"notification-service","timestamp":"2026-01-09 10:54:43","user":"nehapati1234567890@gmail.com"}
{"level":"info","message":"Email verified for user: nehapati1234567890@gmail.com","service":"notification-service","timestamp":"2026-01-09 10:54:43"}
{"level":"info","message":"Processing event: user.login","service":"notification-service","timestamp":"2026-01-09 10:55:06","user":"nehapati1234567890@gmail.com"}
{"level":"info","message":"Login notification created for user: nehapati1234567890@gmail.com","service":"notification-service","timestamp":"2026-01-09 10:55:06"}
{"level":"info","message":"\n        ================================\n        🚀 Notification Service Started\n        ================================\n        Service: notification-service\n        Port: 5001\n        Environment: development\n        Database: localhost:5432/co2\n        CORS: Enabled for http://localhost:3001\n        ================================\n      ","service":"notification-service","timestamp":"2026-01-09 11:29:41"}
{"level":"info","message":"Processing event: user.login","service":"notification-service","timestamp":"2026-01-09 11:35:22","user":"nehapati11122004@gmail.com"}
{"level":"info","message":"Login notification created for user: nehapati11122004@gmail.com","service":"notification-service","timestamp":"2026-01-09 11:35:23"}
{"level":"info","message":"Processing event: user.login","service":"notification-service","timestamp":"2026-01-09 11:57:17","user":"nehapati11122004@gmail.com"}
{"level":"info","message":"Login notification created for user: nehapati11122004@gmail.com","service":"notification-service","timestamp":"2026-01-09 11:57:17"}
{"level":"info","message":"Processing event: user.login","service":"notification-service","timestamp":"2026-01-09 11:58:20","user":"nehapati11122004@gmail.com"}
{"level":"info","message":"Login notification created for user: nehapati11122004@gmail.com","service":"notification-service","timestamp":"2026-01-09 11:58:20"}
{"level":"info","message":"Processing event: user.login","service":"notification-service","timestamp":"2026-01-09 12:00:05","user":"nehapati11122004@gmail.com"}
{"level":"info","message":"Login notification created for user: nehapati11122004@gmail.com","service":"notification-service","timestamp":"2026-01-09 12:00:05"}
{"level":"info","message":"Processing event: user.signup","service":"notification-service","timestamp":"2026-01-09 12:01:00","user":"nehapati789@gmail.com"}
{"level":"info","message":"Signup notification created for user: nehapati789@gmail.com","service":"notification-service","timestamp":"2026-01-09 12:01:00"}
{"level":"info","message":"Processing event: user.login","service":"notification-service","timestamp":"2026-01-09 12:02:33","user":"nehapati11122004@gmail.com"}
{"level":"info","message":"Login notification created for user: nehapati11122004@gmail.com","service":"notification-service","timestamp":"2026-01-09 12:02:33"}
{"level":"info","message":"\n        ================================\n        🚀 Notification Service Started\n        ================================\n        Service: notification-service\n        Port: 5001\n        Environment: development\n        Database: localhost:5432/co2\n        CORS: Enabled for http://localhost:3001\n        ================================\n      ","service":"notification-service","timestamp":"2026-01-12 10:22:24"}
{"level":"info","message":"\n        ================================\n        🚀 Notification Service Started\n        ================================\n        Service: notification-service\n        Port: 5001\n        Environment: development\n        Database: localhost:5432/co2\n        CORS: Enabled for http://localhost:3001\n        ================================\n      ","service":"notification-service","timestamp":"2026-01-13 11:02:32"}
{"level":"info","message":"Processing event: user.signup","service":"notification-service","timestamp":"2026-01-13 11:04:21","user":"nehauser@gmail.com"}
{"level":"info","message":"Signup notification created for user: nehauser@gmail.com","service":"notification-service","timestamp":"2026-01-13 11:04:21"}
{"level":"info","message":"Processing event: user.signup","service":"notification-service","timestamp":"2026-01-13 11:06:59","user":"nehaorg@gmail.com"}
{"level":"info","message":"Signup notification created for user: nehaorg@gmail.com","service":"notification-service","timestamp":"2026-01-13 11:06:59"}
{"level":"info","message":"Processing event: user.signup","service":"notification-service","timestamp":"2026-01-13 11:49:54","user":"nehaorg1@gmail.com"}
{"level":"info","message":"Signup notification created for user: nehaorg1@gmail.com","service":"notification-service","timestamp":"2026-01-13 11:49:54"}
{"level":"info","message":"Processing event: user.signup","service":"notification-service","timestamp":"2026-01-13 11:59:33","user":"nehauser@gmail.com"}
{"level":"info","message":"Signup notification created for user: nehauser@gmail.com","service":"notification-service","timestamp":"2026-01-13 11:59:33"}
{"level":"info","message":"Processing event: user.email.verified","service":"notification-service","timestamp":"2026-01-13 11:59:49","user":"nehauser@gmail.com"}
{"level":"info","message":"Email verified for user: nehauser@gmail.com","service":"notification-service","timestamp":"2026-01-13 11:59:49"}
{"level":"info","message":"Processing event: user.login","service":"notification-service","timestamp":"2026-01-13 12:00:13","user":"nehauser@gmail.com"}
{"level":"info","message":"Login notification created for user: nehauser@gmail.com","service":"notification-service","timestamp":"2026-01-13 12:00:13"}
{"level":"info","message":"Processing event: user.login","service":"notification-service","timestamp":"2026-01-13 12:00:45","user":"nehauser@gmail.com"}
{"level":"info","message":"Login notification created for user: nehauser@gmail.com","service":"notification-service","timestamp":"2026-01-13 12:00:46"}
{"level":"info","message":"Processing event: user.login.failed","service":"notification-service","timestamp":"2026-01-13 12:01:25","user":"nehauser@gmail.com"}
{"level":"warn","message":"Failed login attempt for: nehauser@gmail.com (Attempt: 1)","service":"notification-service","timestamp":"2026-01-13 12:01:25"}
{"level":"info","message":"Processing event: user.login","service":"notification-service","timestamp":"2026-01-13 12:01:34","user":"nehauser@gmail.com"}
{"level":"info","message":"Login notification created for user: nehauser@gmail.com","service":"notification-service","timestamp":"2026-01-13 12:01:34"}
{"level":"info","message":"Processing event: user.login","service":"notification-service","timestamp":"2026-01-14 18:42:50","user":"nehauser@gmail.com"}
{"level":"info","message":"Login notification created for user: nehauser@gmail.com","service":"notification-service","timestamp":"2026-01-14 18:42:51"}
{"level":"info","message":"Processing event: user.login","service":"notification-service","timestamp":"2026-01-14 19:09:20","user":"nehauser@gmail.com"}
{"level":"info","message":"Login notification created for user: nehauser@gmail.com","service":"notification-service","timestamp":"2026-01-14 19:09:20"}
{"level":"info","message":"Processing event: user.login","service":"notification-service","timestamp":"2026-01-14 19:09:26","user":"nehauser@gmail.com"}
{"level":"info","message":"Login notification created for user: nehauser@gmail.com","service":"notification-service","timestamp":"2026-01-14 19:09:26"}
{"level":"info","message":"Processing event: user.login","service":"notification-service","timestamp":"2026-01-14 19:09:28","user":"nehauser@gmail.com"}
{"level":"info","message":"Login notification created for user: nehauser@gmail.com","service":"notification-service","timestamp":"2026-01-14 19:09:28"}
{"level":"info","message":"Processing event: user.login","service":"notification-service","timestamp":"2026-01-14 19:09:29","user":"nehauser@gmail.com"}
{"level":"info","message":"Login notification created for user: nehauser@gmail.com","service":"notification-service","timestamp":"2026-01-14 19:09:29"}
{"level":"info","message":"Processing event: user.login","service":"notification-service","timestamp":"2026-01-14 21:03:10","user":"nehauser@gmail.com"}
{"level":"info","message":"Login notification created for user: nehauser@gmail.com","service":"notification-service","timestamp":"2026-01-14 21:03:10"}
{"level":"info","message":"Processing event: user.login","service":"notification-service","timestamp":"2026-01-14 21:03:12","user":"nehauser@gmail.com"}
{"level":"info","message":"Login notification created for user: nehauser@gmail.com","service":"notification-service","timestamp":"2026-01-14 21:03:12"}
{"level":"info","message":"Processing event: user.login","service":"notification-service","timestamp":"2026-01-14 21:03:14","user":"nehauser@gmail.com"}
{"level":"info","message":"Login notification created for user: nehauser@gmail.com","service":"notification-service","timestamp":"2026-01-14 21:03:14"}
{"level":"info","message":"Processing event: user.login","service":"notification-service","timestamp":"2026-01-14 21:04:48","user":"nehauser@gmail.com"}
{"level":"info","message":"Login notification created for user: nehauser@gmail.com","service":"notification-service","timestamp":"2026-01-14 21:04:48"}
{"level":"info","message":"Processing event: user.login","service":"notification-service","timestamp":"2026-01-14 21:07:42","user":"nehauser@gmail.com"}
{"level":"info","message":"Login notification created for user: nehauser@gmail.com","service":"notification-service","timestamp":"2026-01-14 21:07:42"}
{"level":"info","message":"Processing event: user.login","service":"notification-service","timestamp":"2026-01-14 21:08:49","user":"nehauser@gmail.com"}
{"level":"info","message":"Login notification created for user: nehauser@gmail.com","service":"notification-service","timestamp":"2026-01-14 21:08:49"}
{"level":"info","message":"Processing event: user.login","service":"notification-service","timestamp":"2026-01-14 21:08:52","user":"nehauser@gmail.com"}
{"level":"info","message":"Login notification created for user: nehauser@gmail.com","service":"notification-service","timestamp":"2026-01-14 21:08:52"}
{"level":"info","message":"Processing event: user.login","service":"notification-service","timestamp":"2026-01-14 21:09:24","user":"nehauser@gmail.com"}
{"level":"info","message":"Login notification created for user: nehauser@gmail.com","service":"notification-service","timestamp":"2026-01-14 21:09:24"}
{"level":"info","message":"Processing event: user.login","service":"notification-service","timestamp":"2026-01-14 21:12:51","user":"nehauser@gmail.com"}
{"level":"info","message":"Login notification created for user: nehauser@gmail.com","service":"notification-service","timestamp":"2026-01-14 21:12:51"}
{"level":"info","message":"Processing event: user.login","service":"notification-service","timestamp":"2026-01-14 23:40:35","user":"nehauser@gmail.com"}
{"level":"info","message":"Login notification created for user: nehauser@gmail.com","service":"notification-service","timestamp":"2026-01-14 23:40:35"}
{"level":"info","message":"Processing event: user.login","service":"notification-service","timestamp":"2026-01-14 23:40:38","user":"nehauser@gmail.com"}
{"level":"info","message":"Login notification created for user: nehauser@gmail.com","service":"notification-service","timestamp":"2026-01-14 23:40:38"}
{"level":"info","message":"Processing event: user.login","service":"notification-service","timestamp":"2026-01-15 00:21:40","user":"nehauser@gmail.com"}
{"level":"info","message":"Login notification created for user: nehauser@gmail.com","service":"notification-service","timestamp":"2026-01-15 00:21:40"}
{"level":"info","message":"Processing event: user.login","service":"notification-service","timestamp":"2026-01-15 00:22:02","user":"nehauser@gmail.com"}
{"level":"info","message":"Login notification created for user: nehauser@gmail.com","service":"notification-service","timestamp":"2026-01-15 00:22:02"}
{"level":"info","message":"\n        ================================\n        🚀 Notification Service Started\n        ================================\n        Service: notification-service\n        Port: 5001\n        Environment: development\n        Database: localhost:5432/co2\n        CORS: Enabled for http://localhost:3001\n        ================================\n      ","service":"notification-service","timestamp":"2026-01-15 00:25:56"}
{"level":"info","message":"\n        ================================\n        🚀 Notification Service Started\n        ================================\n        Service: notification-service\n        Port: 5001\n        Environment: development\n        Database: localhost:5432/co2\n        CORS: Enabled for http://localhost:3001\n        ================================\n      ","service":"notification-service","timestamp":"2026-01-15 10:01:08"}
{"level":"info","message":"Processing event: user.login.failed","service":"notification-service","timestamp":"2026-01-15 10:03:19","user":"nehauser@gmail.com"}
{"level":"warn","message":"Failed login attempt for: nehauser@gmail.com (Attempt: 1)","service":"notification-service","timestamp":"2026-01-15 10:03:20"}
{"level":"info","message":"Processing event: user.login","service":"notification-service","timestamp":"2026-01-15 10:03:35","user":"nehauser@gmail.com"}
{"level":"info","message":"Login notification created for user: nehauser@gmail.com","service":"notification-service","timestamp":"2026-01-15 10:03:35"}
{"level":"info","message":"Processing event: user.login","service":"notification-service","timestamp":"2026-01-15 10:03:50","user":"nehauser@gmail.com"}
{"level":"info","message":"Login notification created for user: nehauser@gmail.com","service":"notification-service","timestamp":"2026-01-15 10:03:50"}
{"level":"info","message":"Processing event: user.login","service":"notification-service","timestamp":"2026-01-15 10:04:24","user":"nehauser@gmail.com"}
{"level":"info","message":"Login notification created for user: nehauser@gmail.com","service":"notification-service","timestamp":"2026-01-15 10:04:24"}
{"level":"info","message":"Processing event: user.login","service":"notification-service","timestamp":"2026-01-15 10:12:29","user":"nehauser@gmail.com"}
{"level":"info","message":"Login notification created for user: nehauser@gmail.com","service":"notification-service","timestamp":"2026-01-15 10:12:30"}
{"level":"info","message":"\n        ================================\n        🚀 Notification Service Started\n        ================================\n        Service: notification-service\n        Port: 5001\n        Environment: development\n        Database: localhost:5432/co2\n        CORS: Enabled for http://localhost:3001\n        ================================\n      ","service":"notification-service","timestamp":"2026-01-15 11:39:06"}
{"level":"info","message":"Processing event: user.login","service":"notification-service","timestamp":"2026-01-15 11:40:10","user":"nehauser@gmail.com"}
{"level":"info","message":"Login notification created for user: nehauser@gmail.com","service":"notification-service","timestamp":"2026-01-15 11:40:10"}
{"level":"info","message":"Processing event: user.signup","service":"notification-service","timestamp":"2026-01-15 11:46:28","user":"nehaorg@gmail.com"}
{"level":"info","message":"Signup notification created for user: nehaorg@gmail.com","service":"notification-service","timestamp":"2026-01-15 11:46:28"}
{"level":"info","message":"Processing event: user.email.verified","service":"notification-service","timestamp":"2026-01-15 11:47:03","user":"nehaorg@gmail.com"}
{"level":"info","message":"Email verified for user: nehaorg@gmail.com","service":"notification-service","timestamp":"2026-01-15 11:47:03"}
{"level":"info","message":"Processing event: user.login","service":"notification-service","timestamp":"2026-01-15 11:48:50","user":"nehaorg@gmail.com"}
{"level":"info","message":"Login notification created for user: nehaorg@gmail.com","service":"notification-service","timestamp":"2026-01-15 11:48:50"}
{"level":"info","message":"Processing event: user.login","service":"notification-service","timestamp":"2026-01-15 12:08:11","user":"nehaorg@gmail.com"}
{"level":"info","message":"Login notification created for user: nehaorg@gmail.com","service":"notification-service","timestamp":"2026-01-15 12:08:11"}
{"level":"info","message":"Processing event: user.login","service":"notification-service","timestamp":"2026-01-15 12:08:33","user":"nehaorg@gmail.com"}
{"level":"info","message":"Login notification created for user: nehaorg@gmail.com","service":"notification-service","timestamp":"2026-01-15 12:08:33"}
{"level":"info","message":"Processing event: user.login","service":"notification-service","timestamp":"2026-01-15 12:09:12","user":"nehaorg@gmail.com"}
{"level":"info","message":"Login notification created for user: nehaorg@gmail.com","service":"notification-service","timestamp":"2026-01-15 12:09:12"}
{"level":"info","message":"Processing event: user.login","service":"notification-service","timestamp":"2026-01-15 12:11:23","user":"admin1@gocarbonpositive.com"}
{"level":"info","message":"Login notification created for user: admin1@gocarbonpositive.com","service":"notification-service","timestamp":"2026-01-15 12:11:23"}
{"level":"info","message":"Processing event: user.login","service":"notification-service","timestamp":"2026-01-15 12:12:45","user":"nehaorg@gmail.com"}
{"level":"info","message":"Login notification created for user: nehaorg@gmail.com","service":"notification-service","timestamp":"2026-01-15 12:12:45"}
{"level":"info","message":"Processing event: user.login","service":"notification-service","timestamp":"2026-01-15 12:21:15","user":"nehaorg@gmail.com"}
{"level":"info","message":"Login notification created for user: nehaorg@gmail.com","service":"notification-service","timestamp":"2026-01-15 12:21:15"}
{"level":"info","message":"Processing event: user.login","service":"notification-service","timestamp":"2026-01-15 12:22:28","user":"nehaorg@gmail.com"}
{"level":"info","message":"Login notification created for user: nehaorg@gmail.com","service":"notification-service","timestamp":"2026-01-15 12:22:29"}
{"level":"info","message":"\n        ================================\n        🚀 Notification Service Started\n        ================================\n        Service: notification-service\n        Port: 5001\n        Environment: development\n        Database: localhost:5432/co2\n        CORS: Enabled for http://localhost:3001\n        ================================\n      ","service":"notification-service","timestamp":"2026-01-15 12:23:38"}
{"level":"info","message":"Processing event: user.login","service":"notification-service","timestamp":"2026-01-15 14:35:46","user":"nehauser@gmail.com"}
{"level":"info","message":"Login notification created for user: nehauser@gmail.com","service":"notification-service","timestamp":"2026-01-15 14:35:46"}
{"level":"info","message":"Processing event: user.login","service":"notification-service","timestamp":"2026-01-15 14:36:17","user":"nehauser@gmail.com"}
{"level":"info","message":"Login notification created for user: nehauser@gmail.com","service":"notification-service","timestamp":"2026-01-15 14:36:17"}
